Resolving dependencies...
Downloading packages...
  _fe_analyzer_shared 76.0.0 (92.0.0 available)
  analyzer 6.11.0 (9.0.0 available)
  bloc 8.1.4 (9.1.0 available)
  build 2.5.4 (4.0.3 available)
  build_config 1.1.2 (1.2.0 available)
  build_resolvers 2.5.4 (3.0.4 available)
  build_runner 2.5.4 (2.10.4 available)
  build_runner_core 9.1.2 (9.3.2 available)
  characters 1.4.0 (1.4.1 available)
  dart_style 2.3.8 (3.1.3 available)
  file_picker 8.3.7 (10.3.8 available)
  file_selector_macos 0.9.4+4 (0.9.5 available)
  flutter_bloc 8.1.6 (9.1.1 available)
  flutter_lints 5.0.0 (6.0.0 available)
  flutter_plugin_android_lifecycle 2.0.31 (2.0.33 available)
  formz 0.7.0 (0.8.0 available)
  geocoding 3.0.0 (4.0.0 available)
  geocoding_android 3.3.1 (4.0.1 available)
  geocoding_platform_interface 3.2.0 (5.0.0 available)
  geolocator 13.0.4 (14.0.2 available)
  geolocator_android 4.6.2 (5.0.2 available)
  get_it 7.7.0 (9.2.0 available)
  image 4.6.0 (4.7.2 available)
  image_picker_android 0.8.13+1 (0.8.13+10 available)
  image_picker_ios 0.8.13 (0.8.13+3 available)
  image_picker_macos 0.2.2 (0.2.2+1 available)
  leak_tracker 10.0.9 (11.0.2 available)
  leak_tracker_flutter_testing 3.0.9 (3.0.10 available)
  leak_tracker_testing 3.0.1 (3.0.2 available)
  lints 5.1.1 (6.0.0 available)
  matcher 0.12.17 (0.12.18 available)
  material_color_utilities 0.11.1 (0.13.0 available)
  meta 1.16.0 (1.17.0 available)
  path_provider_android 2.2.19 (2.2.22 available)
  path_provider_foundation 2.4.2 (2.5.1 available)
  shared_preferences 2.5.3 (2.5.4 available)
  shared_preferences_android 2.4.13 (2.4.18 available)
  shared_preferences_foundation 2.5.4 (2.5.6 available)
  source_gen 1.5.0 (4.1.1 available)
  source_helper 1.3.5 (1.3.9 available)
  test_api 0.7.4 (0.7.8 available)
  url_launcher_android 6.3.20 (6.3.28 available)
  url_launcher_ios 6.3.4 (6.3.6 available)
  url_launcher_macos 3.2.3 (3.2.5 available)
  vector_math 2.1.4 (2.2.0 available)
  vm_service 15.0.0 (15.0.2 available)
Got dependencies!
46 packages have newer versions incompatible with dependency constraints.
Try `flutter pub outdated` for more information.
Running Gradle task 'assembleRelease'...                        
lib/main.dart:54:58: Error: Can't find '}' to match '{'.
class _AppInitializerState extends State<AppInitializer> {
                                                         ^
Target kernel_snapshot_program failed: Exception


FAILURE: Build failed with an exception.

* What went wrong:
Execution failed for task ':app:compileFlutterBuildRelease'.
> Process 'command 'C:\flutter_windows_3.24.4-stable\flutter\bin\flutter.bat'' finished with non-zero exit value 1

* Try:
> Run with --stacktrace option to get the stack trace.
> Run with --info or --debug option to get more log output.
> Run with --scan to get full insights.
> Get more help at https://help.gradle.org.

BUILD FAILED in 41s
Running Gradle task 'assembleRelease'...                           42.5s
Gradle task assembleRelease failed with exit code 1
